<?xml version="1.0" encoding="UTF-8"?>
<testsuite name="BarTesting" tests="4" skipped="0" failures="0" errors="0" timestamp="2021-12-17T13:03:24" hostname="DESKTOP-6QRG024" time="0.824">
  <properties/>
  <testcase name="happyHour()" classname="BarTesting" time="0.03"/>
  <testcase name="removeObserver()" classname="BarTesting" time="0.747"/>
  <testcase name="addObserver()" classname="BarTesting" time="0.016"/>
  <testcase name="orderStringRecipe()" classname="BarTesting" time="0.028"/>
  <system-out><![CDATA[]]></system-out>
  <system-err><![CDATA[]]></system-err>
</testsuite>
