<?xml version="1.0" encoding="UTF-8"?>
<testsuite name="AlienTesting" tests="3" skipped="0" failures="0" errors="0" timestamp="2021-12-21T00:09:52" hostname="DESKTOP-6QRG024" time="0.05">
  <properties/>
  <testcase name="ferengiStartClosed()" classname="AlienTesting" time="0.042"/>
  <testcase name="ferengiAlreadyOpened()" classname="AlienTesting" time="0.002"/>
  <testcase name="romulan()" classname="AlienTesting" time="0.003"/>
  <system-out><![CDATA[]]></system-out>
  <system-err><![CDATA[]]></system-err>
</testsuite>
